16:50:08 **** Incremental Build of configuration Debug for project proj01 ****
make all 
Building file: ../Application.cpp
Invoking: GCC C++ Compiler
g++ -O0 -g3 -Wall -c -fmessage-length=0 -MMD -MP -MF"Application.d" -MT"Application.o" -o "Application.o" "../Application.cpp"
Finished building: ../Application.cpp
 
Building file: ../PlayList.cpp
Invoking: GCC C++ Compiler
g++ -O0 -g3 -Wall -c -fmessage-length=0 -MMD -MP -MF"PlayList.d" -MT"PlayList.o" -o "PlayList.o" "../PlayList.cpp"
Finished building: ../PlayList.cpp
 
Building file: ../PlayListTester.cpp
Invoking: GCC C++ Compiler
g++ -O0 -g3 -Wall -c -fmessage-length=0 -MMD -MP -MF"PlayListTester.d" -MT"PlayListTester.o" -o "PlayListTester.o" "../PlayListTester.cpp"
Finished building: ../PlayListTester.cpp
 
Building file: ../Song.cpp
Invoking: GCC C++ Compiler
g++ -O0 -g3 -Wall -c -fmessage-length=0 -MMD -MP -MF"Song.d" -MT"Song.o" -o "Song.o" "../Song.cpp"
Finished building: ../Song.cpp
 
Building file: ../SongTester.cpp
Invoking: GCC C++ Compiler
g++ -O0 -g3 -Wall -c -fmessage-length=0 -MMD -MP -MF"SongTester.d" -MT"SongTester.o" -o "SongTester.o" "../SongTester.cpp"
Finished building: ../SongTester.cpp
 
Building file: ../main.cpp
Invoking: GCC C++ Compiler
g++ -O0 -g3 -Wall -c -fmessage-length=0 -MMD -MP -MF"main.d" -MT"main.o" -o "main.o" "../main.cpp"
Finished building: ../main.cpp
 
Building target: proj01
Invoking: GCC C++ Linker
g++  -o "proj01"  ./Application.o ./PlayList.o ./PlayListTester.o ./Song.o ./SongTester.o ./main.o   
Finished building target: proj01
 

16:50:10 Build Finished. 0 errors, 0 warnings. (took 1s.873ms)

